<?xml version="1.0" encoding="UTF-8"?>
<testsuite name="U Test Join Today" tests="1" skipped="0" failures="0" errors="0" timestamp="2022-08-20T16:50:01" hostname="ALUBAQ-PRTL-03" time="39.432">
  <properties/>
  <testcase name="Search freelance job" classname="U Test Join Today" time="39.432"/>
  <system-out><![CDATA[]]></system-out>
  <system-err><![CDATA[[Test worker] WARN net.thucydides.core.steps.BaseStepListener - stepStarted: net.thucydides.core.steps.ExecutedStepDescription@27d0bcce
[Test worker] WARN net.thucydides.core.steps.BaseStepListener - stepStarted: net.thucydides.core.steps.ExecutedStepDescription@42118f30
[Test worker] WARN net.thucydides.core.steps.BaseStepListener - stepStarted: net.thucydides.core.steps.ExecutedStepDescription@3dffb0bb
ago 20, 2022 11:50:02 AM org.openqa.selenium.remote.DesiredCapabilities chrome
INFORMACIÓN: Using `new ChromeOptions()` is preferred to `DesiredCapabilities.chrome()`
[Test worker] INFO net.serenitybdd.core.webdriver.driverproviders.ProvideNewDriver - Instantiating driver
[Test worker] INFO net.serenitybdd.core.webdriver.driverproviders.ProvideNewDriver - Driver capabilities: Capabilities {acceptInsecureCerts: false, browserName: chrome, chrome.switches: --start-maximized, goog:chromeOptions: {args: [--start-maximized], extensions: []}, loggingPrefs: org.openqa.selenium.logging..., platform: ANY, version: }
Starting ChromeDriver 104.0.5112.79 (3cf3e8c8a07d104b9e1260c910efb8f383285dc5-refs/branch-heads/5112@{#1307}) on port 29447
Only local connections are allowed.
Please see https://chromedriver.chromium.org/security-considerations for suggestions on keeping ChromeDriver safe.
ChromeDriver was started successfully.
ago 20, 2022 11:50:05 AM org.openqa.selenium.remote.ProtocolHandshake createSession
INFORMACIÓN: Detected dialect: W3C
[Test worker] WARN net.thucydides.core.steps.BaseStepListener - stepFinished: current outcome:Search freelance job:Given Edward wants to sing up at the UTest website [Edward open up [Edward opens the U test page]]
[Test worker] WARN net.thucydides.core.steps.BaseStepListener - stepFinished: current outcome:Search freelance job:Given Edward wants to sing up at the UTest website [Edward open up [Edward opens the U test page]]
[Test worker] WARN net.thucydides.core.steps.BaseStepListener - stepStarted: net.thucydides.core.steps.ExecutedStepDescription@355c4f13
[Test worker] WARN net.thucydides.core.steps.BaseStepListener - stepStarted: net.thucydides.core.steps.ExecutedStepDescription@2e04abb3
[Test worker] WARN net.thucydides.core.steps.BaseStepListener - stepFinished: current outcome:Search freelance job:Given Edward wants to sing up at the UTest website [Edward open up [Edward opens the U test page], Edward join [Edward clicks on button login today]]
[Test worker] WARN net.thucydides.core.steps.BaseStepListener - stepFinished: current outcome:Search freelance job:Given Edward wants to sing up at the UTest website [Edward open up [Edward opens the U test page], Edward join [Edward clicks on button login today]]
[Test worker] WARN net.thucydides.core.steps.BaseStepListener - stepFinished: current outcome:Search freelance job:Given Edward wants to sing up at the UTest website [Edward open up [Edward opens the U test page], Edward join [Edward clicks on button login today]]
[Test worker] WARN net.thucydides.core.steps.BaseStepListener - stepStarted: net.thucydides.core.steps.ExecutedStepDescription@10f97d9
[Test worker] WARN net.thucydides.core.steps.BaseStepListener - stepStarted: net.thucydides.core.steps.ExecutedStepDescription@1ee1945b
[Test worker] WARN net.thucydides.core.steps.BaseStepListener - stepStarted: net.thucydides.core.steps.ExecutedStepDescription@3e80ecf0
[Test worker] WARN net.thucydides.core.steps.BaseStepListener - stepFinished: current outcome:Search freelance job:Given Edward wants to sing up at the UTest website [Edward open up [Edward opens the U test page], Edward join [Edward clicks on button login today]], When i search the join today button on the UTets website and open the form [Edward complete form [Edward enters 'Edward' into Where do we write first name]]
[Test worker] WARN net.thucydides.core.steps.BaseStepListener - stepStarted: net.thucydides.core.steps.ExecutedStepDescription@3f65add1
[Test worker] WARN net.thucydides.core.steps.BaseStepListener - stepFinished: current outcome:Search freelance job:Given Edward wants to sing up at the UTest website [Edward open up [Edward opens the U test page], Edward join [Edward clicks on button login today]], When i search the join today button on the UTets website and open the form [Edward complete form [Edward enters 'Edward' into Where do we write first name, Edward enters 'Sierra' into Where do we write last name]]
[Test worker] WARN net.thucydides.core.steps.BaseStepListener - stepStarted: net.thucydides.core.steps.ExecutedStepDescription@5bdf728b
[Test worker] WARN net.thucydides.core.steps.BaseStepListener - stepFinished: current outcome:Search freelance job:Given Edward wants to sing up at the UTest website [Edward open up [Edward opens the U test page], Edward join [Edward clicks on button login today]], When i search the join today button on the UTets website and open the form [Edward complete form [Edward enters 'Edward' into Where do we write first name, Edward enters 'Sierra' into Where do we write last name, Edward enters 'edward.sierrac@outlook.com' into Where do we write email address]]
[Test worker] WARN net.thucydides.core.steps.BaseStepListener - stepStarted: net.thucydides.core.steps.ExecutedStepDescription@6de0b703
[Test worker] WARN net.thucydides.core.steps.BaseStepListener - stepFinished: current outcome:Search freelance job:Given Edward wants to sing up at the UTest website [Edward open up [Edward opens the U test page], Edward join [Edward clicks on button login today]], When i search the join today button on the UTets website and open the form [Edward complete form [Edward enters 'Edward' into Where do we write first name, Edward enters 'Sierra' into Where do we write last name, Edward enters 'edward.sierrac@outlook.com' into Where do we write email address, Edward select October on Where do we write birth month]]
[Test worker] WARN net.thucydides.core.steps.BaseStepListener - stepStarted: net.thucydides.core.steps.ExecutedStepDescription@3e1c79af
[Test worker] WARN net.thucydides.core.steps.BaseStepListener - stepFinished: current outcome:Search freelance job:Given Edward wants to sing up at the UTest website [Edward open up [Edward opens the U test page], Edward join [Edward clicks on button login today]], When i search the join today button on the UTets website and open the form [Edward complete form [Edward enters 'Edward' into Where do we write first name, Edward enters 'Sierra' into Where do we write last name, Edward enters 'edward.sierrac@outlook.com' into Where do we write email address, Edward select October on Where do we write birth month, Edward select 14 on Where do we write birth day]]
[Test worker] WARN net.thucydides.core.steps.BaseStepListener - stepStarted: net.thucydides.core.steps.ExecutedStepDescription@6eec4789
[Test worker] WARN net.thucydides.core.steps.BaseStepListener - stepFinished: current outcome:Search freelance job:Given Edward wants to sing up at the UTest website [Edward open up [Edward opens the U test page], Edward join [Edward clicks on button login today]], When i search the join today button on the UTets website and open the form [Edward complete form [Edward enters 'Edward' into Where do we write first name, Edward enters 'Sierra' into Where do we write last name, Edward enters 'edward.sierrac@outlook.com' into Where do we write email address, Edward select October on Where do we write birth month, Edward select 14 on Where do we write birth day, Edward select 1995 on Where do we write birth year]]
[Test worker] WARN net.thucydides.core.steps.BaseStepListener - stepStarted: net.thucydides.core.steps.ExecutedStepDescription@51aed7dc
[Test worker] WARN net.thucydides.core.steps.BaseStepListener - stepFinished: current outcome:Search freelance job:Given Edward wants to sing up at the UTest website [Edward open up [Edward opens the U test page], Edward join [Edward clicks on button login today]], When i search the join today button on the UTets website and open the form [Edward complete form [Edward enters 'Edward' into Where do we write first name, Edward enters 'Sierra' into Where do we write last name, Edward enters 'edward.sierrac@outlook.com' into Where do we write email address, Edward select October on Where do we write birth month, Edward select 14 on Where do we write birth day, Edward select 1995 on Where do we write birth year, Edward clicks on Button Location]]
[Test worker] WARN net.thucydides.core.steps.BaseStepListener - stepFinished: current outcome:Search freelance job:Given Edward wants to sing up at the UTest website [Edward open up [Edward opens the U test page], Edward join [Edward clicks on button login today]], When i search the join today button on the UTets website and open the form [Edward complete form [Edward enters 'Edward' into Where do we write first name, Edward enters 'Sierra' into Where do we write last name, Edward enters 'edward.sierrac@outlook.com' into Where do we write email address, Edward select October on Where do we write birth month, Edward select 14 on Where do we write birth day, Edward select 1995 on Where do we write birth year, Edward clicks on Button Location]]
[Test worker] WARN net.thucydides.core.steps.BaseStepListener - stepStarted: net.thucydides.core.steps.ExecutedStepDescription@25855a75
[Test worker] WARN net.thucydides.core.steps.BaseStepListener - stepStarted: net.thucydides.core.steps.ExecutedStepDescription@5a263d12
[Test worker] WARN net.thucydides.core.steps.BaseStepListener - stepFinished: current outcome:Search freelance job:Given Edward wants to sing up at the UTest website [Edward open up [Edward opens the U test page], Edward join [Edward clicks on button login today]], When i search the join today button on the UTets website and open the form [Edward complete form [Edward enters 'Edward' into Where do we write first name, Edward enters 'Sierra' into Where do we write last name, Edward enters 'edward.sierrac@outlook.com' into Where do we write email address, Edward select October on Where do we write birth month, Edward select 14 on Where do we write birth day, Edward select 1995 on Where do we write birth year, Edward clicks on Button Location], Edward complete form location [Edward enters 'Barranquilla' into Where do we write city]]
[Test worker] WARN net.thucydides.core.steps.BaseStepListener - stepStarted: net.thucydides.core.steps.ExecutedStepDescription@79b14535
[Test worker] WARN net.thucydides.core.steps.BaseStepListener - stepFinished: current outcome:Search freelance job:Given Edward wants to sing up at the UTest website [Edward open up [Edward opens the U test page], Edward join [Edward clicks on button login today]], When i search the join today button on the UTets website and open the form [Edward complete form [Edward enters 'Edward' into Where do we write first name, Edward enters 'Sierra' into Where do we write last name, Edward enters 'edward.sierrac@outlook.com' into Where do we write email address, Edward select October on Where do we write birth month, Edward select 14 on Where do we write birth day, Edward select 1995 on Where do we write birth year, Edward clicks on Button Location], Edward complete form location [Edward enters 'Barranquilla' into Where do we write city, Edward enters '080001' into Where do we write zip code]]
[Test worker] WARN net.thucydides.core.steps.BaseStepListener - stepStarted: net.thucydides.core.steps.ExecutedStepDescription@5026ea34
[Test worker] WARN net.thucydides.core.steps.BaseStepListener - stepFinished: current outcome:Search freelance job:Given Edward wants to sing up at the UTest website [Edward open up [Edward opens the U test page], Edward join [Edward clicks on button login today]], When i search the join today button on the UTets website and open the form [Edward complete form [Edward enters 'Edward' into Where do we write first name, Edward enters 'Sierra' into Where do we write last name, Edward enters 'edward.sierrac@outlook.com' into Where do we write email address, Edward select October on Where do we write birth month, Edward select 14 on Where do we write birth day, Edward select 1995 on Where do we write birth year, Edward clicks on Button Location], Edward complete form location [Edward enters 'Barranquilla' into Where do we write city, Edward enters '080001' into Where do we write zip code, Edward clicks on where do we select de country]]
[Test worker] WARN net.thucydides.core.steps.BaseStepListener - stepStarted: net.thucydides.core.steps.ExecutedStepDescription@2a39efda
[Test worker] WARN net.thucydides.core.steps.BaseStepListener - stepFinished: current outcome:Search freelance job:Given Edward wants to sing up at the UTest website [Edward open up [Edward opens the U test page], Edward join [Edward clicks on button login today]], When i search the join today button on the UTets website and open the form [Edward complete form [Edward enters 'Edward' into Where do we write first name, Edward enters 'Sierra' into Where do we write last name, Edward enters 'edward.sierrac@outlook.com' into Where do we write email address, Edward select October on Where do we write birth month, Edward select 14 on Where do we write birth day, Edward select 1995 on Where do we write birth year, Edward clicks on Button Location], Edward complete form location [Edward enters 'Barranquilla' into Where do we write city, Edward enters '080001' into Where do we write zip code, Edward clicks on where do we select de country, Edward enters 'Colombia' into where do we select de country]]
[Test worker] WARN net.thucydides.core.steps.BaseStepListener - stepStarted: net.thucydides.core.steps.ExecutedStepDescription@6ebe3542
[Test worker] WARN net.thucydides.core.steps.BaseStepListener - stepFinished: current outcome:Search freelance job:Given Edward wants to sing up at the UTest website [Edward open up [Edward opens the U test page], Edward join [Edward clicks on button login today]], When i search the join today button on the UTets website and open the form [Edward complete form [Edward enters 'Edward' into Where do we write first name, Edward enters 'Sierra' into Where do we write last name, Edward enters 'edward.sierrac@outlook.com' into Where do we write email address, Edward select October on Where do we write birth month, Edward select 14 on Where do we write birth day, Edward select 1995 on Where do we write birth year, Edward clicks on Button Location], Edward complete form location [Edward enters 'Barranquilla' into Where do we write city, Edward enters '080001' into Where do we write zip code, Edward clicks on where do we select de country, Edward enters 'Colombia' into where do we select de country, Edward clicks on Country selected]]
[Test worker] WARN net.thucydides.core.steps.BaseStepListener - stepStarted: net.thucydides.core.steps.ExecutedStepDescription@2fc62c80
[Test worker] WARN net.thucydides.core.steps.BaseStepListener - stepFinished: current outcome:Search freelance job:Given Edward wants to sing up at the UTest website [Edward open up [Edward opens the U test page], Edward join [Edward clicks on button login today]], When i search the join today button on the UTets website and open the form [Edward complete form [Edward enters 'Edward' into Where do we write first name, Edward enters 'Sierra' into Where do we write last name, Edward enters 'edward.sierrac@outlook.com' into Where do we write email address, Edward select October on Where do we write birth month, Edward select 14 on Where do we write birth day, Edward select 1995 on Where do we write birth year, Edward clicks on Button Location], Edward complete form location [Edward enters 'Barranquilla' into Where do we write city, Edward enters '080001' into Where do we write zip code, Edward clicks on where do we select de country, Edward enters 'Colombia' into where do we select de country, Edward clicks on Country selected, Edward clicks on Button Devices]]
[Test worker] WARN net.thucydides.core.steps.BaseStepListener - stepFinished: current outcome:Search freelance job:Given Edward wants to sing up at the UTest website [Edward open up [Edward opens the U test page], Edward join [Edward clicks on button login today]], When i search the join today button on the UTets website and open the form [Edward complete form [Edward enters 'Edward' into Where do we write first name, Edward enters 'Sierra' into Where do we write last name, Edward enters 'edward.sierrac@outlook.com' into Where do we write email address, Edward select October on Where do we write birth month, Edward select 14 on Where do we write birth day, Edward select 1995 on Where do we write birth year, Edward clicks on Button Location], Edward complete form location [Edward enters 'Barranquilla' into Where do we write city, Edward enters '080001' into Where do we write zip code, Edward clicks on where do we select de country, Edward enters 'Colombia' into where do we select de country, Edward clicks on Country selected, Edward clicks on Button Devices]]
[Test worker] WARN net.thucydides.core.steps.BaseStepListener - stepStarted: net.thucydides.core.steps.ExecutedStepDescription@59d3ba59
[Test worker] WARN net.thucydides.core.steps.BaseStepListener - stepStarted: net.thucydides.core.steps.ExecutedStepDescription@331d711d
[Test worker] WARN net.thucydides.core.steps.BaseStepListener - stepFinished: current outcome:Search freelance job:Given Edward wants to sing up at the UTest website [Edward open up [Edward opens the U test page], Edward join [Edward clicks on button login today]], When i search the join today button on the UTets website and open the form [Edward complete form [Edward enters 'Edward' into Where do we write first name, Edward enters 'Sierra' into Where do we write last name, Edward enters 'edward.sierrac@outlook.com' into Where do we write email address, Edward select October on Where do we write birth month, Edward select 14 on Where do we write birth day, Edward select 1995 on Where do we write birth year, Edward clicks on Button Location], Edward complete form location [Edward enters 'Barranquilla' into Where do we write city, Edward enters '080001' into Where do we write zip code, Edward clicks on where do we select de country, Edward enters 'Colombia' into where do we select de country, Edward clicks on Country selected, Edward clicks on Button Devices], Edward complete form devices [Edward clicks on Where we do click on mobile devices]]
[Test worker] WARN net.thucydides.core.steps.BaseStepListener - stepStarted: net.thucydides.core.steps.ExecutedStepDescription@2e01014c
[Test worker] WARN net.thucydides.core.steps.BaseStepListener - stepFinished: current outcome:Search freelance job:Given Edward wants to sing up at the UTest website [Edward open up [Edward opens the U test page], Edward join [Edward clicks on button login today]], When i search the join today button on the UTets website and open the form [Edward complete form [Edward enters 'Edward' into Where do we write first name, Edward enters 'Sierra' into Where do we write last name, Edward enters 'edward.sierrac@outlook.com' into Where do we write email address, Edward select October on Where do we write birth month, Edward select 14 on Where do we write birth day, Edward select 1995 on Where do we write birth year, Edward clicks on Button Location], Edward complete form location [Edward enters 'Barranquilla' into Where do we write city, Edward enters '080001' into Where do we write zip code, Edward clicks on where do we select de country, Edward enters 'Colombia' into where do we select de country, Edward clicks on Country selected, Edward clicks on Button Devices], Edward complete form devices [Edward clicks on Where we do click on mobile devices, Edward enters 'Samsung' into Where we do write the smartphone brand]]
[Test worker] WARN net.thucydides.core.steps.BaseStepListener - stepStarted: net.thucydides.core.steps.ExecutedStepDescription@5a61c1cd
[Test worker] WARN net.thucydides.core.steps.BaseStepListener - stepFinished: current outcome:Search freelance job:Given Edward wants to sing up at the UTest website [Edward open up [Edward opens the U test page], Edward join [Edward clicks on button login today]], When i search the join today button on the UTets website and open the form [Edward complete form [Edward enters 'Edward' into Where do we write first name, Edward enters 'Sierra' into Where do we write last name, Edward enters 'edward.sierrac@outlook.com' into Where do we write email address, Edward select October on Where do we write birth month, Edward select 14 on Where do we write birth day, Edward select 1995 on Where do we write birth year, Edward clicks on Button Location], Edward complete form location [Edward enters 'Barranquilla' into Where do we write city, Edward enters '080001' into Where do we write zip code, Edward clicks on where do we select de country, Edward enters 'Colombia' into where do we select de country, Edward clicks on Country selected, Edward clicks on Button Devices], Edward complete form devices [Edward clicks on Where we do click on mobile devices, Edward enters 'Samsung' into Where we do write the smartphone brand, Edward clicks on Where we do click the smartphone brand]]
[Test worker] WARN net.thucydides.core.steps.BaseStepListener - stepStarted: net.thucydides.core.steps.ExecutedStepDescription@aef64f0
[Test worker] WARN net.thucydides.core.steps.BaseStepListener - stepFinished: current outcome:Search freelance job:Given Edward wants to sing up at the UTest website [Edward open up [Edward opens the U test page], Edward join [Edward clicks on button login today]], When i search the join today button on the UTets website and open the form [Edward complete form [Edward enters 'Edward' into Where do we write first name, Edward enters 'Sierra' into Where do we write last name, Edward enters 'edward.sierrac@outlook.com' into Where do we write email address, Edward select October on Where do we write birth month, Edward select 14 on Where do we write birth day, Edward select 1995 on Where do we write birth year, Edward clicks on Button Location], Edward complete form location [Edward enters 'Barranquilla' into Where do we write city, Edward enters '080001' into Where do we write zip code, Edward clicks on where do we select de country, Edward enters 'Colombia' into where do we select de country, Edward clicks on Country selected, Edward clicks on Button Devices], Edward complete form devices [Edward clicks on Where we do click on mobile devices, Edward enters 'Samsung' into Where we do write the smartphone brand, Edward clicks on Where we do click the smartphone brand, Edward clicks on Where we do click the smartphone model]]
[Test worker] WARN net.thucydides.core.steps.BaseStepListener - stepStarted: net.thucydides.core.steps.ExecutedStepDescription@a0b8b13
[Test worker] WARN net.thucydides.core.steps.BaseStepListener - stepFinished: current outcome:Search freelance job:Given Edward wants to sing up at the UTest website [Edward open up [Edward opens the U test page], Edward join [Edward clicks on button login today]], When i search the join today button on the UTets website and open the form [Edward complete form [Edward enters 'Edward' into Where do we write first name, Edward enters 'Sierra' into Where do we write last name, Edward enters 'edward.sierrac@outlook.com' into Where do we write email address, Edward select October on Where do we write birth month, Edward select 14 on Where do we write birth day, Edward select 1995 on Where do we write birth year, Edward clicks on Button Location], Edward complete form location [Edward enters 'Barranquilla' into Where do we write city, Edward enters '080001' into Where do we write zip code, Edward clicks on where do we select de country, Edward enters 'Colombia' into where do we select de country, Edward clicks on Country selected, Edward clicks on Button Devices], Edward complete form devices [Edward clicks on Where we do click on mobile devices, Edward enters 'Samsung' into Where we do write the smartphone brand, Edward clicks on Where we do click the smartphone brand, Edward clicks on Where we do click the smartphone model, Edward enters 'Galaxy A30s' into Where we do write the smartphone model]]
[Test worker] WARN net.thucydides.core.steps.BaseStepListener - stepStarted: net.thucydides.core.steps.ExecutedStepDescription@7f306801
[Test worker] WARN net.thucydides.core.steps.BaseStepListener - stepFinished: current outcome:Search freelance job:Given Edward wants to sing up at the UTest website [Edward open up [Edward opens the U test page], Edward join [Edward clicks on button login today]], When i search the join today button on the UTets website and open the form [Edward complete form [Edward enters 'Edward' into Where do we write first name, Edward enters 'Sierra' into Where do we write last name, Edward enters 'edward.sierrac@outlook.com' into Where do we write email address, Edward select October on Where do we write birth month, Edward select 14 on Where do we write birth day, Edward select 1995 on Where do we write birth year, Edward clicks on Button Location], Edward complete form location [Edward enters 'Barranquilla' into Where do we write city, Edward enters '080001' into Where do we write zip code, Edward clicks on where do we select de country, Edward enters 'Colombia' into where do we select de country, Edward clicks on Country selected, Edward clicks on Button Devices], Edward complete form devices [Edward clicks on Where we do click on mobile devices, Edward enters 'Samsung' into Where we do write the smartphone brand, Edward clicks on Where we do click the smartphone brand, Edward clicks on Where we do click the smartphone model, Edward enters 'Galaxy A30s' into Where we do write the smartphone model, Edward clicks on Where we do click on selected the smartphone brand]]
[Test worker] WARN net.thucydides.core.steps.BaseStepListener - stepStarted: net.thucydides.core.steps.ExecutedStepDescription@68148ab5
[Test worker] WARN net.thucydides.core.steps.BaseStepListener - stepFinished: current outcome:Search freelance job:Given Edward wants to sing up at the UTest website [Edward open up [Edward opens the U test page], Edward join [Edward clicks on button login today]], When i search the join today button on the UTets website and open the form [Edward complete form [Edward enters 'Edward' into Where do we write first name, Edward enters 'Sierra' into Where do we write last name, Edward enters 'edward.sierrac@outlook.com' into Where do we write email address, Edward select October on Where do we write birth month, Edward select 14 on Where do we write birth day, Edward select 1995 on Where do we write birth year, Edward clicks on Button Location], Edward complete form location [Edward enters 'Barranquilla' into Where do we write city, Edward enters '080001' into Where do we write zip code, Edward clicks on where do we select de country, Edward enters 'Colombia' into where do we select de country, Edward clicks on Country selected, Edward clicks on Button Devices], Edward complete form devices [Edward clicks on Where we do click on mobile devices, Edward enters 'Samsung' into Where we do write the smartphone brand, Edward clicks on Where we do click the smartphone brand, Edward clicks on Where we do click the smartphone model, Edward enters 'Galaxy A30s' into Where we do write the smartphone model, Edward clicks on Where we do click on selected the smartphone brand, Edward clicks on Where we do click the smartphone OS]]
[Test worker] WARN net.thucydides.core.steps.BaseStepListener - stepStarted: net.thucydides.core.steps.ExecutedStepDescription@17d51d37
[Test worker] WARN net.thucydides.core.steps.BaseStepListener - stepFinished: current outcome:Search freelance job:Given Edward wants to sing up at the UTest website [Edward open up [Edward opens the U test page], Edward join [Edward clicks on button login today]], When i search the join today button on the UTets website and open the form [Edward complete form [Edward enters 'Edward' into Where do we write first name, Edward enters 'Sierra' into Where do we write last name, Edward enters 'edward.sierrac@outlook.com' into Where do we write email address, Edward select October on Where do we write birth month, Edward select 14 on Where do we write birth day, Edward select 1995 on Where do we write birth year, Edward clicks on Button Location], Edward complete form location [Edward enters 'Barranquilla' into Where do we write city, Edward enters '080001' into Where do we write zip code, Edward clicks on where do we select de country, Edward enters 'Colombia' into where do we select de country, Edward clicks on Country selected, Edward clicks on Button Devices], Edward complete form devices [Edward clicks on Where we do click on mobile devices, Edward enters 'Samsung' into Where we do write the smartphone brand, Edward clicks on Where we do click the smartphone brand, Edward clicks on Where we do click the smartphone model, Edward enters 'Galaxy A30s' into Where we do write the smartphone model, Edward clicks on Where we do click on selected the smartphone brand, Edward clicks on Where we do click the smartphone OS, Edward enters 'Android 11' into Where we do write the smartphone OS]]
[Test worker] WARN net.thucydides.core.steps.BaseStepListener - stepStarted: net.thucydides.core.steps.ExecutedStepDescription@79cc3ad6
[Test worker] WARN net.thucydides.core.steps.BaseStepListener - stepFinished: current outcome:Search freelance job:Given Edward wants to sing up at the UTest website [Edward open up [Edward opens the U test page], Edward join [Edward clicks on button login today]], When i search the join today button on the UTets website and open the form [Edward complete form [Edward enters 'Edward' into Where do we write first name, Edward enters 'Sierra' into Where do we write last name, Edward enters 'edward.sierrac@outlook.com' into Where do we write email address, Edward select October on Where do we write birth month, Edward select 14 on Where do we write birth day, Edward select 1995 on Where do we write birth year, Edward clicks on Button Location], Edward complete form location [Edward enters 'Barranquilla' into Where do we write city, Edward enters '080001' into Where do we write zip code, Edward clicks on where do we select de country, Edward enters 'Colombia' into where do we select de country, Edward clicks on Country selected, Edward clicks on Button Devices], Edward complete form devices [Edward clicks on Where we do click on mobile devices, Edward enters 'Samsung' into Where we do write the smartphone brand, Edward clicks on Where we do click the smartphone brand, Edward clicks on Where we do click the smartphone model, Edward enters 'Galaxy A30s' into Where we do write the smartphone model, Edward clicks on Where we do click on selected the smartphone brand, Edward clicks on Where we do click the smartphone OS, Edward enters 'Android 11' into Where we do write the smartphone OS, Edward clicks on Where we do click the smartphone OS]]
[Test worker] WARN net.thucydides.core.steps.BaseStepListener - stepStarted: net.thucydides.core.steps.ExecutedStepDescription@7ecfed6e
[Test worker] WARN net.thucydides.core.steps.BaseStepListener - stepFinished: current outcome:Search freelance job:Given Edward wants to sing up at the UTest website [Edward open up [Edward opens the U test page], Edward join [Edward clicks on button login today]], When i search the join today button on the UTets website and open the form [Edward complete form [Edward enters 'Edward' into Where do we write first name, Edward enters 'Sierra' into Where do we write last name, Edward enters 'edward.sierrac@outlook.com' into Where do we write email address, Edward select October on Where do we write birth month, Edward select 14 on Where do we write birth day, Edward select 1995 on Where do we write birth year, Edward clicks on Button Location], Edward complete form location [Edward enters 'Barranquilla' into Where do we write city, Edward enters '080001' into Where do we write zip code, Edward clicks on where do we select de country, Edward enters 'Colombia' into where do we select de country, Edward clicks on Country selected, Edward clicks on Button Devices], Edward complete form devices [Edward clicks on Where we do click on mobile devices, Edward enters 'Samsung' into Where we do write the smartphone brand, Edward clicks on Where we do click the smartphone brand, Edward clicks on Where we do click the smartphone model, Edward enters 'Galaxy A30s' into Where we do write the smartphone model, Edward clicks on Where we do click on selected the smartphone brand, Edward clicks on Where we do click the smartphone OS, Edward enters 'Android 11' into Where we do write the smartphone OS, Edward clicks on Where we do click the smartphone OS, Edward clicks on Button Last Step]]
[Test worker] WARN net.thucydides.core.steps.BaseStepListener - stepFinished: current outcome:Search freelance job:Given Edward wants to sing up at the UTest website [Edward open up [Edward opens the U test page], Edward join [Edward clicks on button login today]], When i search the join today button on the UTets website and open the form [Edward complete form [Edward enters 'Edward' into Where do we write first name, Edward enters 'Sierra' into Where do we write last name, Edward enters 'edward.sierrac@outlook.com' into Where do we write email address, Edward select October on Where do we write birth month, Edward select 14 on Where do we write birth day, Edward select 1995 on Where do we write birth year, Edward clicks on Button Location], Edward complete form location [Edward enters 'Barranquilla' into Where do we write city, Edward enters '080001' into Where do we write zip code, Edward clicks on where do we select de country, Edward enters 'Colombia' into where do we select de country, Edward clicks on Country selected, Edward clicks on Button Devices], Edward complete form devices [Edward clicks on Where we do click on mobile devices, Edward enters 'Samsung' into Where we do write the smartphone brand, Edward clicks on Where we do click the smartphone brand, Edward clicks on Where we do click the smartphone model, Edward enters 'Galaxy A30s' into Where we do write the smartphone model, Edward clicks on Where we do click on selected the smartphone brand, Edward clicks on Where we do click the smartphone OS, Edward enters 'Android 11' into Where we do write the smartphone OS, Edward clicks on Where we do click the smartphone OS, Edward clicks on Button Last Step]]
[Test worker] WARN net.thucydides.core.steps.BaseStepListener - stepStarted: net.thucydides.core.steps.ExecutedStepDescription@70171baf
[Test worker] WARN net.thucydides.core.steps.BaseStepListener - stepStarted: net.thucydides.core.steps.ExecutedStepDescription@287a322e
[Test worker] WARN net.thucydides.core.steps.BaseStepListener - stepFinished: current outcome:Search freelance job:Given Edward wants to sing up at the UTest website [Edward open up [Edward opens the U test page], Edward join [Edward clicks on button login today]], When i search the join today button on the UTets website and open the form [Edward complete form [Edward enters 'Edward' into Where do we write first name, Edward enters 'Sierra' into Where do we write last name, Edward enters 'edward.sierrac@outlook.com' into Where do we write email address, Edward select October on Where do we write birth month, Edward select 14 on Where do we write birth day, Edward select 1995 on Where do we write birth year, Edward clicks on Button Location], Edward complete form location [Edward enters 'Barranquilla' into Where do we write city, Edward enters '080001' into Where do we write zip code, Edward clicks on where do we select de country, Edward enters 'Colombia' into where do we select de country, Edward clicks on Country selected, Edward clicks on Button Devices], Edward complete form devices [Edward clicks on Where we do click on mobile devices, Edward enters 'Samsung' into Where we do write the smartphone brand, Edward clicks on Where we do click the smartphone brand, Edward clicks on Where we do click the smartphone model, Edward enters 'Galaxy A30s' into Where we do write the smartphone model, Edward clicks on Where we do click on selected the smartphone brand, Edward clicks on Where we do click the smartphone OS, Edward enters 'Android 11' into Where we do write the smartphone OS, Edward clicks on Where we do click the smartphone OS, Edward clicks on Button Last Step], Edward complete form last step [Edward enters 'Ch0Uc41r2022*' into Where do we write the password]]
[Test worker] WARN net.thucydides.core.steps.BaseStepListener - stepStarted: net.thucydides.core.steps.ExecutedStepDescription@144f1096
[Test worker] WARN net.thucydides.core.steps.BaseStepListener - stepFinished: current outcome:Search freelance job:Given Edward wants to sing up at the UTest website [Edward open up [Edward opens the U test page], Edward join [Edward clicks on button login today]], When i search the join today button on the UTets website and open the form [Edward complete form [Edward enters 'Edward' into Where do we write first name, Edward enters 'Sierra' into Where do we write last name, Edward enters 'edward.sierrac@outlook.com' into Where do we write email address, Edward select October on Where do we write birth month, Edward select 14 on Where do we write birth day, Edward select 1995 on Where do we write birth year, Edward clicks on Button Location], Edward complete form location [Edward enters 'Barranquilla' into Where do we write city, Edward enters '080001' into Where do we write zip code, Edward clicks on where do we select de country, Edward enters 'Colombia' into where do we select de country, Edward clicks on Country selected, Edward clicks on Button Devices], Edward complete form devices [Edward clicks on Where we do click on mobile devices, Edward enters 'Samsung' into Where we do write the smartphone brand, Edward clicks on Where we do click the smartphone brand, Edward clicks on Where we do click the smartphone model, Edward enters 'Galaxy A30s' into Where we do write the smartphone model, Edward clicks on Where we do click on selected the smartphone brand, Edward clicks on Where we do click the smartphone OS, Edward enters 'Android 11' into Where we do write the smartphone OS, Edward clicks on Where we do click the smartphone OS, Edward clicks on Button Last Step], Edward complete form last step [Edward enters 'Ch0Uc41r2022*' into Where do we write the password, Edward enters 'Ch0Uc41r2022*' into Where do we to write the confirmed password]]
[Test worker] WARN net.thucydides.core.steps.BaseStepListener - stepStarted: net.thucydides.core.steps.ExecutedStepDescription@26b98768
[Test worker] WARN net.thucydides.core.steps.BaseStepListener - stepFinished: current outcome:Search freelance job:Given Edward wants to sing up at the UTest website [Edward open up [Edward opens the U test page], Edward join [Edward clicks on button login today]], When i search the join today button on the UTets website and open the form [Edward complete form [Edward enters 'Edward' into Where do we write first name, Edward enters 'Sierra' into Where do we write last name, Edward enters 'edward.sierrac@outlook.com' into Where do we write email address, Edward select October on Where do we write birth month, Edward select 14 on Where do we write birth day, Edward select 1995 on Where do we write birth year, Edward clicks on Button Location], Edward complete form location [Edward enters 'Barranquilla' into Where do we write city, Edward enters '080001' into Where do we write zip code, Edward clicks on where do we select de country, Edward enters 'Colombia' into where do we select de country, Edward clicks on Country selected, Edward clicks on Button Devices], Edward complete form devices [Edward clicks on Where we do click on mobile devices, Edward enters 'Samsung' into Where we do write the smartphone brand, Edward clicks on Where we do click the smartphone brand, Edward clicks on Where we do click the smartphone model, Edward enters 'Galaxy A30s' into Where we do write the smartphone model, Edward clicks on Where we do click on selected the smartphone brand, Edward clicks on Where we do click the smartphone OS, Edward enters 'Android 11' into Where we do write the smartphone OS, Edward clicks on Where we do click the smartphone OS, Edward clicks on Button Last Step], Edward complete form last step [Edward enters 'Ch0Uc41r2022*' into Where do we write the password, Edward enters 'Ch0Uc41r2022*' into Where do we to write the confirmed password, Edward clicks on Where do we to select stay informed]]
[Test worker] WARN net.thucydides.core.steps.BaseStepListener - stepStarted: net.thucydides.core.steps.ExecutedStepDescription@186abb2d
[Test worker] WARN net.thucydides.core.steps.BaseStepListener - stepFinished: current outcome:Search freelance job:Given Edward wants to sing up at the UTest website [Edward open up [Edward opens the U test page], Edward join [Edward clicks on button login today]], When i search the join today button on the UTets website and open the form [Edward complete form [Edward enters 'Edward' into Where do we write first name, Edward enters 'Sierra' into Where do we write last name, Edward enters 'edward.sierrac@outlook.com' into Where do we write email address, Edward select October on Where do we write birth month, Edward select 14 on Where do we write birth day, Edward select 1995 on Where do we write birth year, Edward clicks on Button Location], Edward complete form location [Edward enters 'Barranquilla' into Where do we write city, Edward enters '080001' into Where do we write zip code, Edward clicks on where do we select de country, Edward enters 'Colombia' into where do we select de country, Edward clicks on Country selected, Edward clicks on Button Devices], Edward complete form devices [Edward clicks on Where we do click on mobile devices, Edward enters 'Samsung' into Where we do write the smartphone brand, Edward clicks on Where we do click the smartphone brand, Edward clicks on Where we do click the smartphone model, Edward enters 'Galaxy A30s' into Where we do write the smartphone model, Edward clicks on Where we do click on selected the smartphone brand, Edward clicks on Where we do click the smartphone OS, Edward enters 'Android 11' into Where we do write the smartphone OS, Edward clicks on Where we do click the smartphone OS, Edward clicks on Button Last Step], Edward complete form last step [Edward enters 'Ch0Uc41r2022*' into Where do we write the password, Edward enters 'Ch0Uc41r2022*' into Where do we to write the confirmed password, Edward clicks on Where do we to select stay informed, Edward clicks on Where do we to select terms of use]]
[Test worker] WARN net.thucydides.core.steps.BaseStepListener - stepStarted: net.thucydides.core.steps.ExecutedStepDescription@15296a05
[Test worker] WARN net.thucydides.core.steps.BaseStepListener - stepFinished: current outcome:Search freelance job:Given Edward wants to sing up at the UTest website [Edward open up [Edward opens the U test page], Edward join [Edward clicks on button login today]], When i search the join today button on the UTets website and open the form [Edward complete form [Edward enters 'Edward' into Where do we write first name, Edward enters 'Sierra' into Where do we write last name, Edward enters 'edward.sierrac@outlook.com' into Where do we write email address, Edward select October on Where do we write birth month, Edward select 14 on Where do we write birth day, Edward select 1995 on Where do we write birth year, Edward clicks on Button Location], Edward complete form location [Edward enters 'Barranquilla' into Where do we write city, Edward enters '080001' into Where do we write zip code, Edward clicks on where do we select de country, Edward enters 'Colombia' into where do we select de country, Edward clicks on Country selected, Edward clicks on Button Devices], Edward complete form devices [Edward clicks on Where we do click on mobile devices, Edward enters 'Samsung' into Where we do write the smartphone brand, Edward clicks on Where we do click the smartphone brand, Edward clicks on Where we do click the smartphone model, Edward enters 'Galaxy A30s' into Where we do write the smartphone model, Edward clicks on Where we do click on selected the smartphone brand, Edward clicks on Where we do click the smartphone OS, Edward enters 'Android 11' into Where we do write the smartphone OS, Edward clicks on Where we do click the smartphone OS, Edward clicks on Button Last Step], Edward complete form last step [Edward enters 'Ch0Uc41r2022*' into Where do we write the password, Edward enters 'Ch0Uc41r2022*' into Where do we to write the confirmed password, Edward clicks on Where do we to select stay informed, Edward clicks on Where do we to select terms of use, Edward clicks on Where do we to select secure policy]]
[Test worker] WARN net.thucydides.core.steps.BaseStepListener - stepStarted: net.thucydides.core.steps.ExecutedStepDescription@353d5d5a
[Test worker] WARN net.thucydides.core.steps.BaseStepListener - stepFinished: current outcome:Search freelance job:Given Edward wants to sing up at the UTest website [Edward open up [Edward opens the U test page], Edward join [Edward clicks on button login today]], When i search the join today button on the UTets website and open the form [Edward complete form [Edward enters 'Edward' into Where do we write first name, Edward enters 'Sierra' into Where do we write last name, Edward enters 'edward.sierrac@outlook.com' into Where do we write email address, Edward select October on Where do we write birth month, Edward select 14 on Where do we write birth day, Edward select 1995 on Where do we write birth year, Edward clicks on Button Location], Edward complete form location [Edward enters 'Barranquilla' into Where do we write city, Edward enters '080001' into Where do we write zip code, Edward clicks on where do we select de country, Edward enters 'Colombia' into where do we select de country, Edward clicks on Country selected, Edward clicks on Button Devices], Edward complete form devices [Edward clicks on Where we do click on mobile devices, Edward enters 'Samsung' into Where we do write the smartphone brand, Edward clicks on Where we do click the smartphone brand, Edward clicks on Where we do click the smartphone model, Edward enters 'Galaxy A30s' into Where we do write the smartphone model, Edward clicks on Where we do click on selected the smartphone brand, Edward clicks on Where we do click the smartphone OS, Edward enters 'Android 11' into Where we do write the smartphone OS, Edward clicks on Where we do click the smartphone OS, Edward clicks on Button Last Step], Edward complete form last step [Edward enters 'Ch0Uc41r2022*' into Where do we write the password, Edward enters 'Ch0Uc41r2022*' into Where do we to write the confirmed password, Edward clicks on Where do we to select stay informed, Edward clicks on Where do we to select terms of use, Edward clicks on Where do we to select secure policy, Edward clicks on Button complete set up]]
[Test worker] WARN net.thucydides.core.steps.BaseStepListener - stepFinished: current outcome:Search freelance job:Given Edward wants to sing up at the UTest website [Edward open up [Edward opens the U test page], Edward join [Edward clicks on button login today]], When i search the join today button on the UTets website and open the form [Edward complete form [Edward enters 'Edward' into Where do we write first name, Edward enters 'Sierra' into Where do we write last name, Edward enters 'edward.sierrac@outlook.com' into Where do we write email address, Edward select October on Where do we write birth month, Edward select 14 on Where do we write birth day, Edward select 1995 on Where do we write birth year, Edward clicks on Button Location], Edward complete form location [Edward enters 'Barranquilla' into Where do we write city, Edward enters '080001' into Where do we write zip code, Edward clicks on where do we select de country, Edward enters 'Colombia' into where do we select de country, Edward clicks on Country selected, Edward clicks on Button Devices], Edward complete form devices [Edward clicks on Where we do click on mobile devices, Edward enters 'Samsung' into Where we do write the smartphone brand, Edward clicks on Where we do click the smartphone brand, Edward clicks on Where we do click the smartphone model, Edward enters 'Galaxy A30s' into Where we do write the smartphone model, Edward clicks on Where we do click on selected the smartphone brand, Edward clicks on Where we do click the smartphone OS, Edward enters 'Android 11' into Where we do write the smartphone OS, Edward clicks on Where we do click the smartphone OS, Edward clicks on Button Last Step], Edward complete form last step [Edward enters 'Ch0Uc41r2022*' into Where do we write the password, Edward enters 'Ch0Uc41r2022*' into Where do we to write the confirmed password, Edward clicks on Where do we to select stay informed, Edward clicks on Where do we to select terms of use, Edward clicks on Where do we to select secure policy, Edward clicks on Button complete set up]]
[Test worker] WARN net.thucydides.core.steps.BaseStepListener - stepFinished: current outcome:Search freelance job:Given Edward wants to sing up at the UTest website [Edward open up [Edward opens the U test page], Edward join [Edward clicks on button login today]], When i search the join today button on the UTets website and open the form [Edward complete form [Edward enters 'Edward' into Where do we write first name, Edward enters 'Sierra' into Where do we write last name, Edward enters 'edward.sierrac@outlook.com' into Where do we write email address, Edward select October on Where do we write birth month, Edward select 14 on Where do we write birth day, Edward select 1995 on Where do we write birth year, Edward clicks on Button Location], Edward complete form location [Edward enters 'Barranquilla' into Where do we write city, Edward enters '080001' into Where do we write zip code, Edward clicks on where do we select de country, Edward enters 'Colombia' into where do we select de country, Edward clicks on Country selected, Edward clicks on Button Devices], Edward complete form devices [Edward clicks on Where we do click on mobile devices, Edward enters 'Samsung' into Where we do write the smartphone brand, Edward clicks on Where we do click the smartphone brand, Edward clicks on Where we do click the smartphone model, Edward enters 'Galaxy A30s' into Where we do write the smartphone model, Edward clicks on Where we do click on selected the smartphone brand, Edward clicks on Where we do click the smartphone OS, Edward enters 'Android 11' into Where we do write the smartphone OS, Edward clicks on Where we do click the smartphone OS, Edward clicks on Button Last Step], Edward complete form last step [Edward enters 'Ch0Uc41r2022*' into Where do we write the password, Edward enters 'Ch0Uc41r2022*' into Where do we to write the confirmed password, Edward clicks on Where do we to select stay informed, Edward clicks on Where do we to select terms of use, Edward clicks on Where do we to select secure policy, Edward clicks on Button complete set up]]
[Test worker] WARN net.thucydides.core.steps.BaseStepListener - stepStarted: net.thucydides.core.steps.ExecutedStepDescription@33942f5c
[Test worker] WARN net.thucydides.core.steps.BaseStepListener - stepFinished: current outcome:Search freelance job:Given Edward wants to sing up at the UTest website [Edward open up [Edward opens the U test page], Edward join [Edward clicks on button login today]], When i search the join today button on the UTets website and open the form [Edward complete form [Edward enters 'Edward' into Where do we write first name, Edward enters 'Sierra' into Where do we write last name, Edward enters 'edward.sierrac@outlook.com' into Where do we write email address, Edward select October on Where do we write birth month, Edward select 14 on Where do we write birth day, Edward select 1995 on Where do we write birth year, Edward clicks on Button Location], Edward complete form location [Edward enters 'Barranquilla' into Where do we write city, Edward enters '080001' into Where do we write zip code, Edward clicks on where do we select de country, Edward enters 'Colombia' into where do we select de country, Edward clicks on Country selected, Edward clicks on Button Devices], Edward complete form devices [Edward clicks on Where we do click on mobile devices, Edward enters 'Samsung' into Where we do write the smartphone brand, Edward clicks on Where we do click the smartphone brand, Edward clicks on Where we do click the smartphone model, Edward enters 'Galaxy A30s' into Where we do write the smartphone model, Edward clicks on Where we do click on selected the smartphone brand, Edward clicks on Where we do click the smartphone OS, Edward enters 'Android 11' into Where we do write the smartphone OS, Edward clicks on Where we do click the smartphone OS, Edward clicks on Button Last Step], Edward complete form last step [Edward enters 'Ch0Uc41r2022*' into Where do we write the password, Edward enters 'Ch0Uc41r2022*' into Where do we to write the confirmed password, Edward clicks on Where do we to select stay informed, Edward clicks on Where do we to select terms of use, Edward clicks on Where do we to select secure policy, Edward clicks on Button complete set up]], Then I type the required information to complete the register form
[Test worker] WARN net.thucydides.core.steps.BaseStepListener - testFinished: Search freelance job:Given Edward wants to sing up at the UTest website [Edward open up [Edward opens the U test page], Edward join [Edward clicks on button login today]], When i search the join today button on the UTets website and open the form [Edward complete form [Edward enters 'Edward' into Where do we write first name, Edward enters 'Sierra' into Where do we write last name, Edward enters 'edward.sierrac@outlook.com' into Where do we write email address, Edward select October on Where do we write birth month, Edward select 14 on Where do we write birth day, Edward select 1995 on Where do we write birth year, Edward clicks on Button Location], Edward complete form location [Edward enters 'Barranquilla' into Where do we write city, Edward enters '080001' into Where do we write zip code, Edward clicks on where do we select de country, Edward enters 'Colombia' into where do we select de country, Edward clicks on Country selected, Edward clicks on Button Devices], Edward complete form devices [Edward clicks on Where we do click on mobile devices, Edward enters 'Samsung' into Where we do write the smartphone brand, Edward clicks on Where we do click the smartphone brand, Edward clicks on Where we do click the smartphone model, Edward enters 'Galaxy A30s' into Where we do write the smartphone model, Edward clicks on Where we do click on selected the smartphone brand, Edward clicks on Where we do click the smartphone OS, Edward enters 'Android 11' into Where we do write the smartphone OS, Edward clicks on Where we do click the smartphone OS, Edward clicks on Button Last Step], Edward complete form last step [Edward enters 'Ch0Uc41r2022*' into Where do we write the password, Edward enters 'Ch0Uc41r2022*' into Where do we to write the confirmed password, Edward clicks on Where do we to select stay informed, Edward clicks on Where do we to select terms of use, Edward clicks on Where do we to select secure policy, Edward clicks on Button complete set up]], Then I type the required information to complete the register form
[Test worker] WARN net.thucydides.core.steps.BaseStepListener - TestOutcomes: [Search freelance job:Given Edward wants to sing up at the UTest website [Edward open up [Edward opens the U test page], Edward join [Edward clicks on button login today]], When i search the join today button on the UTets website and open the form [Edward complete form [Edward enters 'Edward' into Where do we write first name, Edward enters 'Sierra' into Where do we write last name, Edward enters 'edward.sierrac@outlook.com' into Where do we write email address, Edward select October on Where do we write birth month, Edward select 14 on Where do we write birth day, Edward select 1995 on Where do we write birth year, Edward clicks on Button Location], Edward complete form location [Edward enters 'Barranquilla' into Where do we write city, Edward enters '080001' into Where do we write zip code, Edward clicks on where do we select de country, Edward enters 'Colombia' into where do we select de country, Edward clicks on Country selected, Edward clicks on Button Devices], Edward complete form devices [Edward clicks on Where we do click on mobile devices, Edward enters 'Samsung' into Where we do write the smartphone brand, Edward clicks on Where we do click the smartphone brand, Edward clicks on Where we do click the smartphone model, Edward enters 'Galaxy A30s' into Where we do write the smartphone model, Edward clicks on Where we do click on selected the smartphone brand, Edward clicks on Where we do click the smartphone OS, Edward enters 'Android 11' into Where we do write the smartphone OS, Edward clicks on Where we do click the smartphone OS, Edward clicks on Button Last Step], Edward complete form last step [Edward enters 'Ch0Uc41r2022*' into Where do we write the password, Edward enters 'Ch0Uc41r2022*' into Where do we to write the confirmed password, Edward clicks on Where do we to select stay informed, Edward clicks on Where do we to select terms of use, Edward clicks on Where do we to select secure policy, Edward clicks on Button complete set up]], Then I type the required information to complete the register form]
[Test worker] WARN net.thucydides.core.steps.BaseStepListener - Final testOutcomes: [Search freelance job:Given Edward wants to sing up at the UTest website [Edward open up [Edward opens the U test page], Edward join [Edward clicks on button login today]], When i search the join today button on the UTets website and open the form [Edward complete form [Edward enters 'Edward' into Where do we write first name, Edward enters 'Sierra' into Where do we write last name, Edward enters 'edward.sierrac@outlook.com' into Where do we write email address, Edward select October on Where do we write birth month, Edward select 14 on Where do we write birth day, Edward select 1995 on Where do we write birth year, Edward clicks on Button Location], Edward complete form location [Edward enters 'Barranquilla' into Where do we write city, Edward enters '080001' into Where do we write zip code, Edward clicks on where do we select de country, Edward enters 'Colombia' into where do we select de country, Edward clicks on Country selected, Edward clicks on Button Devices], Edward complete form devices [Edward clicks on Where we do click on mobile devices, Edward enters 'Samsung' into Where we do write the smartphone brand, Edward clicks on Where we do click the smartphone brand, Edward clicks on Where we do click the smartphone model, Edward enters 'Galaxy A30s' into Where we do write the smartphone model, Edward clicks on Where we do click on selected the smartphone brand, Edward clicks on Where we do click the smartphone OS, Edward enters 'Android 11' into Where we do write the smartphone OS, Edward clicks on Where we do click the smartphone OS, Edward clicks on Button Last Step], Edward complete form last step [Edward enters 'Ch0Uc41r2022*' into Where do we write the password, Edward enters 'Ch0Uc41r2022*' into Where do we to write the confirmed password, Edward clicks on Where do we to select stay informed, Edward clicks on Where do we to select terms of use, Edward clicks on Where do we to select secure policy, Edward clicks on Button complete set up]], Then I type the required information to complete the register form]
[Test worker] INFO net.thucydides.core.steps.ConsoleLoggingListener - 
        __    _____ _____ ____ _____   ____   _    ____  ____  _____ ____  
  _     \ \  |_   _| ____/ ___|_   _| |  _ \ / \  / ___|/ ___|| ____|  _ \ 
 (_)_____| |   | | |  _| \___ \ | |   | |_) / _ \ \___ \\___ \|  _| | | | |
  _|_____| |   | | | |___ ___) || |   |  __/ ___ \ ___) |___) | |___| |_| |
 (_)     | |   |_| |_____|____/ |_|   |_| /_/   \_\____/|____/|_____|____/ 
        /_/                                                                

TEST PASSED: Search freelance job
----------------------------------------------------------------------------
]]></system-err>
</testsuite>
